<?xml version="1.0" encoding="UTF-8"?>
<rdf:RDF xmlns:rdf="http://www.w3.org/1999/02/22-rdf-syntax-ns#"
         xmlns:b="https://data.maudry.com/voc/boamp#"
         xmlns:dct="http://purl.org/dc/terms/"
         xmlns:rdfs="http://www.w3.org/2000/01/rdf-schema#"
         xmlns:xsd="http://www.w3.org/2001/XMLSchema#"
         xmlns:attributions="https://boamp.maudry.com/attributions/"
         xmlns:appeloffres="https://boamp.maudry.com/appeloffres/"
         xmlns:annonces="https://boamp.maudry.com/annonces/"
         xmlns:acheteurs="https://boamp.maudry.com/acheteurs/"
         xmlns:titulaires="https://boamp.maudry.com/titulaires/"
         xmlns:descripteurs="https://boamp.maudry.com/descripteurs/"
         xmlns:lots="https://boamp.maudry.com/lots/"
         xmlns:cpv="https://boamp.maudry.com/cpv/">
  <b:Annonce rdf:about="https://boamp.maudry.com/annonces/16-183123">
      <rdf:type rdf:resource="https://data.maudry.com/voc/boamp#Annonce"/>
      <b:idweb>16-183123</b:idweb>
      <b:annonceAnterieure>
         <b:Annonce rdf:about="https://boamp.maudry.com/annonces/16-155545">
            <b:idweb>16-155545</b:idweb>
         </b:Annonce>
      </b:annonceAnterieure>
      <b:annonceAnterieure>
         <b:Annonce rdf:about="https://boamp.maudry.com/annonces/16-159242">
            <b:idweb>16-159242</b:idweb>
         </b:Annonce>
      </b:annonceAnterieure>
      <b:nomHtml>16-183123.html</b:nomHtml>
      <b:datePublication rdf:datatype="http://www.w3.org/2001/XMLSchema#date">2017-01-19</b:datePublication>
      <b:dateFinDiffusion rdf:datatype="http://www.w3.org/2001/XMLSchema#date">2017-02-19</b:dateFinDiffusion>
      <b:descripteur rdf:resource="https://boamp.maudry.com/descripteurs/160"/>
      <b:departementPublication>10</b:departementPublication>
      <b:resumeObjet>r√©alisation, fabrication, impression et diffusion de catalogues pour le compte de la ville de troyes</b:resumeObjet>
      <b:attribution>
         <b:Attribution rdf:about="https://boamp.maudry.com/attributions/16-183123_1">
            <rdf:type rdf:resource="https://data.maudry.com/voc/boamp#NonAttribue"/>
            <b:appelOffres rdf:resource="https://boamp.maudry.com/appeloffres/16-15554516-159242"/>
            <b:acheteur>
               <rdf:Description rdf:about="https://boamp.maudry.com/acheteurs/Ville-de-Troyes">
                  <rdf:type rdf:resource="https://data.maudry.com/voc/boamp#Commune"/>
                  <rdfs:label>Ville de Troyes</rdfs:label>
                  <b:codePostal>10026</b:codePostal>
                  <b:ville>Troyes cedex</b:ville>
                  <b:profilAcheteur rdf:resource="http://www.xmarches.fr"/>
               </rdf:Description>
            </b:acheteur>
            <b:nbTitulaires rdf:datatype="http://www.w3.org/2001/XMLSchema#int">0</b:nbTitulaires>
            <b:lot rdf:resource="https://boamp.maudry.com/appeloffres/16-15554516-159242_1"/>
      
            <b:valeurTotale rdf:parseType="Resource">
               <b:montant rdf:datatype="http://www.w3.org/2001/XMLSchema#double">15000</b:montant>
               <b:devise>EUR</b:devise>
            </b:valeurTotale>
      
      
      
         </b:Attribution>
      </b:attribution>
      <b:attribution>
         <b:Attribution rdf:about="https://boamp.maudry.com/attributions/16-183123_2">
            <rdf:type rdf:resource="https://data.maudry.com/voc/boamp#NonAttribue"/>
            <b:appelOffres rdf:resource="https://boamp.maudry.com/appeloffres/16-15554516-159242"/>
            <b:acheteur>
               <rdf:Description rdf:about="https://boamp.maudry.com/acheteurs/Ville-de-Troyes">
                  <rdf:type rdf:resource="https://data.maudry.com/voc/boamp#Commune"/>
                  <rdfs:label>Ville de Troyes</rdfs:label>
                  <b:codePostal>10026</b:codePostal>
                  <b:ville>Troyes cedex</b:ville>
                  <b:profilAcheteur rdf:resource="http://www.xmarches.fr"/>
               </rdf:Description>
            </b:acheteur>
            <b:nbTitulaires rdf:datatype="http://www.w3.org/2001/XMLSchema#int">0</b:nbTitulaires>
            <b:lot rdf:resource="https://boamp.maudry.com/appeloffres/16-15554516-159242_2"/>
      
            <b:valeurTotale rdf:parseType="Resource">
               <b:montant rdf:datatype="http://www.w3.org/2001/XMLSchema#double">15000</b:montant>
               <b:devise>EUR</b:devise>
            </b:valeurTotale>
      
      
      
         </b:Attribution>
      </b:attribution>
      <b:attribution>
         <b:Attribution rdf:about="https://boamp.maudry.com/attributions/16-183123_3">
            <rdf:type rdf:resource="https://data.maudry.com/voc/boamp#NonAttribue"/>
            <b:appelOffres rdf:resource="https://boamp.maudry.com/appeloffres/16-15554516-159242"/>
            <b:acheteur>
               <rdf:Description rdf:about="https://boamp.maudry.com/acheteurs/Ville-de-Troyes">
                  <rdf:type rdf:resource="https://data.maudry.com/voc/boamp#Commune"/>
                  <rdfs:label>Ville de Troyes</rdfs:label>
                  <b:codePostal>10026</b:codePostal>
                  <b:ville>Troyes cedex</b:ville>
                  <b:profilAcheteur rdf:resource="http://www.xmarches.fr"/>
               </rdf:Description>
            </b:acheteur>
            <b:nbTitulaires rdf:datatype="http://www.w3.org/2001/XMLSchema#int">0</b:nbTitulaires>
            <b:lot rdf:resource="https://boamp.maudry.com/appeloffres/16-15554516-159242_3"/>
      
            <b:valeurTotale rdf:parseType="Resource">
               <b:montant rdf:datatype="http://www.w3.org/2001/XMLSchema#double">15000</b:montant>
               <b:devise>EUR</b:devise>
            </b:valeurTotale>
      
      
      
         </b:Attribution>
      </b:attribution>
   </b:Annonce>
  
</rdf:RDF>
