<?xml version="1.0" encoding="UTF-8"?>
<rdf:RDF xmlns:rdf="http://www.w3.org/1999/02/22-rdf-syntax-ns#"
         xmlns:b="https://data.maudry.com/voc/boamp#"
         xmlns:dct="http://purl.org/dc/terms/"
         xmlns:rdfs="http://www.w3.org/2000/01/rdf-schema#"
         xmlns:xsd="http://www.w3.org/2001/XMLSchema#"
         xmlns:attributions="https://boamp.maudry.com/attributions/"
         xmlns:appeloffres="https://boamp.maudry.com/appeloffres/"
         xmlns:annonces="https://boamp.maudry.com/annonces/"
         xmlns:acheteurs="https://boamp.maudry.com/acheteurs/"
         xmlns:titulaires="https://boamp.maudry.com/titulaires/"
         xmlns:descripteurs="https://boamp.maudry.com/descripteurs/"
         xmlns:lots="https://boamp.maudry.com/lots/"
         xmlns:cpv="https://boamp.maudry.com/cpv/">
  <b:Annonce rdf:about="https://boamp.maudry.com/annonces/17-8864">
      <rdfs:type rdf:resource="https://data.maudry.com/voc/boamp#Annonce"/>
      <b:idweb>17-8864</b:idweb>
      <b:annonceAnterieure>
         <b:Annonce rdf:about="https://boamp.maudry.com/annonces/16-106898">
            <b:idweb>16-106898</b:idweb>
         </b:Annonce>
      </b:annonceAnterieure>
      <b:annonceAnterieure>
         <b:Annonce rdf:about="https://boamp.maudry.com/annonces/16-114771">
            <b:idweb>16-114771</b:idweb>
         </b:Annonce>
      </b:annonceAnterieure>
      <b:nomHtml>17-8864.html</b:nomHtml>
      <b:datePublication rdf:datatype="http://www.w3.org/2001/XMLSchema#date">2017-01-19</b:datePublication>
      <b:dateFinDiffusion rdf:datatype="http://www.w3.org/2001/XMLSchema#date">2017-02-19</b:dateFinDiffusion>
      <b:descripteur rdf:resource="https://boamp.maudry.com/descripteurs/274"/>
      <b:descripteur rdf:resource="https://boamp.maudry.com/descripteurs/285"/>
      <b:descripteur rdf:resource="https://boamp.maudry.com/descripteurs/312"/>
      <b:descripteur rdf:resource="https://boamp.maudry.com/descripteurs/445"/>
      <b:descripteur rdf:resource="https://boamp.maudry.com/descripteurs/464"/>
      <b:departementPublication>84</b:departementPublication>
      <b:resumeObjet>programme de promotion des vins aoc de la vallée du Rhône Hong-kong 2017-2018</b:resumeObjet>
      <b:attribution>
         <b:Attribution rdf:about="https://boamp.maudry.com/attributions/17-8864">
            <b:appelOffres rdf:resource="https://boamp.maudry.com/appeloffres/16-10689816-114771"/>
            <b:acheteur>
               <rdf:Description rdf:about="https://boamp.maudry.com/acheteurs/Inter-Rhône">
                  <rdfs:type rdf:resource="https://data.maudry.com/voc/boamp#Autre"/>
                  <rdfs:label>Inter Rhône</rdfs:label>
                  <b:codePostal>84024</b:codePostal>
                  <b:ville>Avignon cedex 1</b:ville>
                  <b:profilAcheteur rdf:resource="https://www.boamp.fr/demat/consultation/CONS-16-106898"/>
               </rdf:Description>
            </b:acheteur>
            <b:nbTitulaires rdf:datatype="http://www.w3.org/2001/XMLSchema#int">2</b:nbTitulaires>
            <b:dateAttribution rdf:datatype="http://www.w3.org/2001/XMLSchema#date">2016-12-19</b:dateAttribution>
            <b:titulaire>
               <b:Titulaire rdf:about="https://boamp.maudry.com/titulaires/INS-GLOBAL-CONSULTING-20004">
                  <rdfs:label>INS GLOBAL CONSULTING</rdfs:label>
                  <b:codePostal>20004</b:codePostal>
                  <b:ville>SHANGHAI</b:ville>
               </b:Titulaire>
            </b:titulaire>
            <b:titulaire>
               <b:Titulaire rdf:about="https://boamp.maudry.com/titulaires/SOPEXA-HONG-KONG-20004">
                  <rdfs:label>SOPEXA HONG KONG</rdfs:label>
                  <b:codePostal>20004</b:codePostal>
                  <b:ville>SHANGHAI</b:ville>
               </b:Titulaire>
            </b:titulaire>
         </b:Attribution>
      </b:attribution>
   </b:Annonce>
  
</rdf:RDF>
