<?xml version="1.0" encoding="UTF-8"?>
<ANNONCE xmlns:xsi="http://www.w3.org/2001/XMLSchema-instance" xsi:noNamespaceSchemaLocation="http://schemas.journal-officiel.gouv.fr/schemabook/boamp/Boamp_v230.xsd">
  <GESTION>
    <REFERENCE>
      <IDWEB>17-29167</IDWEB>
      <TYPE_AVIS>
        <FAMILLE>
          <FNS/>
        </FAMILLE>
        <PERIMETRE>
          <CMP-2006/>
        </PERIMETRE>
        <NATURE>
          <ATTRIBUTION/>
        </NATURE>
        <STATUT>
          <INITIAL/>
        </STATUT>
      </TYPE_AVIS>
    </REFERENCE>
    <MARCHE>
      <ANNONCE_ANTERIEUR>
        <REFERENCE>
          <IDWEB>16-166926</IDWEB>
          <TYPE_AVIS>
            <FAMILLE>
              <FNS/>
            </FAMILLE>
            <PERIMETRE>
              <CMP-2006/>
            </PERIMETRE>
            <NATURE>
              <APPEL_OFFRE/>
            </NATURE>
            <STATUT>
              <INITIAL/>
            </STATUT>
          </TYPE_AVIS>
        </REFERENCE>
        <REFERENCE_PUBLICATION>
          <PUBLICATION_ELECTRONIQUE>
            <DATE_PUBLICATION>2016-11-18</DATE_PUBLICATION>
            <DATE_FIN_DIFFUSION>2016-12-15</DATE_FIN_DIFFUSION>
          </PUBLICATION_ELECTRONIQUE>
        </REFERENCE_PUBLICATION>
      </ANNONCE_ANTERIEUR>
    </MARCHE>
    <NOM_HTML>17-29167.html</NOM_HTML>
    <INDEXATION>
      <DATE_PUBLICATION>2017-03-01</DATE_PUBLICATION>
      <DATE_FIN_DIFFUSION>2017-04-15</DATE_FIN_DIFFUSION>
      <DESCRIPTEURS>
        <DESCRIPTEUR>
          <CODE>274</CODE>
          <LIBELLE>Prestations de services</LIBELLE>
        </DESCRIPTEUR>
      </DESCRIPTEURS>
      <DEP_PUBLICATION>92</DEP_PUBLICATION>
      <RESUME_OBJET>Mise à disposition de personnel intérimaire pour le Service Petite Enfance de la Ville de Suresnes</RESUME_OBJET>
    </INDEXATION>
  </GESTION>
  <DONNEES>
    <IDENTITE>
      <DENOMINATION>Ville de Suresnes</DENOMINATION>
      <CORRESPONDANT> le Maire</CORRESPONDANT>
      <ADRESSE>2 rue Carnot BP 24</ADRESSE>
      <CP>92151</CP>
      <VILLE>Suresnes</VILLE>
      <TEL>01-41-18-19-20</TEL>
      <MEL>marchepub@ville-suresnes.fr</MEL>
      <URL>http://www.ville-suresnes.fr</URL>
      <URL_PROFIL_ACHETEUR>http://www.ville-suresnes.fr</URL_PROFIL_ACHETEUR>
    </IDENTITE>
    <TYPE_ORGANISME>
      <COMMUNE/>
    </TYPE_ORGANISME>
    <ACTIVITE_PRINCIPALE>
      <POUVOIR_ADJUDICATEUR>
        <ACT_SERV_ADM_PUB/>
      </POUVOIR_ADJUDICATEUR>
    </ACTIVITE_PRINCIPALE>
    <OBJET>
      <OBJET_COMPLET>Mise à disposition de personnel intérimaire pour le Service Petite Enfance de la Ville de Suresnes</OBJET_COMPLET>
      <CPV>
        <PRINCIPAL>79620000</PRINCIPAL>
      </CPV>
    </OBJET>
    <PROCEDURE>
      <TYPE_PROCEDURE>
        <PROCEDURE_ADAPTE/>
      </TYPE_PROCEDURE>
      <CRITERES_ATTRIBUTION>
        <CRITERES_PONDERES>
          <CRITERE POIDS="50">VALEUR TECHNIQUE EVALUEE SUR LA BASE DE REPONSES AUX QUESTIONS DU MEMOIRE TECHNIQUE</CRITERE>
          <CRITERE POIDS="50">COEFFICIENT GLOBAL DE FACTURATION PLAFOND INDIQUE A L'ANNEXE 2 DE L'ACTE D'ENGAGEMENT</CRITERE>
        </CRITERES_PONDERES>
      </CRITERES_ATTRIBUTION>
    </PROCEDURE>
    <ATTRIBUTION>
      <ATTRIBUE_PAR_LOTS_MARCHES/>
      <DECISION>
        <ATTRIBUE/>
        <DESCRIPTION>Mise à disposition de personnel intérimaire pour le Service Petite Enfance de la Ville de Suresnes</DESCRIPTION>
        <TITULAIRE>
          <DENOMINATION>ADECCO MEDICAL</DENOMINATION>
          <ADRESSE>2 BOULEVARD DU 11 NOVEMBRE 1918</ADRESSE>
          <CP>69100</CP>
          <VILLE>VILLEURBANNE</VILLE>
        </TITULAIRE>
        <RENSEIGNEMENT>
          <DATE_ATTRIBUTION>2017-01-31</DATE_ATTRIBUTION>
          <NB_OFFRE_RECU>4</NB_OFFRE_RECU>
          <MONTANT_MINI DEVISE="EUR">5000</MONTANT_MINI>
          <MONTANT_MAXI DEVISE="EUR">60000</MONTANT_MAXI>
          <SOUSTRAITANCE_NON/>
        </RENSEIGNEMENT>
        <TITULAIRE>
          <DENOMINATION>SELECT TT APPEL MEDICAL</DENOMINATION>
          <ADRESSE>276 AVENUE DU PRESIDENT WILSON</ADRESSE>
          <CP>93211</CP>
          <VILLE>LA PLAINE SAINT DENIS</VILLE>
        </TITULAIRE>
        <RENSEIGNEMENT>
          <DATE_ATTRIBUTION>2017-01-31</DATE_ATTRIBUTION>
          <NB_OFFRE_RECU>4</NB_OFFRE_RECU>
          <MONTANT_MINI DEVISE="EUR">5000</MONTANT_MINI>
          <MONTANT_MAXI DEVISE="EUR">60000</MONTANT_MAXI>
          <SOUSTRAITANCE_NON/>
        </RENSEIGNEMENT>
        <TITULAIRE>
          <DENOMINATION>TROOPS IZUMA</DENOMINATION>
          <ADRESSE>842 ROUTE DE NEUVILLE</ADRESSE>
          <CP>01390</CP>
          <VILLE>SAINT ANDRE DE CORCY</VILLE>
        </TITULAIRE>
        <RENSEIGNEMENT>
          <DATE_ATTRIBUTION>2017-01-31</DATE_ATTRIBUTION>
          <NB_OFFRE_RECU>4</NB_OFFRE_RECU>
          <MONTANT_MINI DEVISE="EUR">5000</MONTANT_MINI>
          <MONTANT_MAXI DEVISE="EUR">60000</MONTANT_MAXI>
          <SOUSTRAITANCE_NON/>
        </RENSEIGNEMENT>
      </DECISION>
    </ATTRIBUTION>
    <RENSEIGNEMENTS_COMPLEMENTAIRES>
      <ADRESSES_COMPLEMENTAIRES>
        <ADRESSE>
          <TYPE>
            <INSTANCE_RECOURS/>
          </TYPE>
          <DENOMINATION>Tribunal administratif de Cergy-Pontoise</DENOMINATION>
          <ADRESSE>2-4 bd de l'Hautil BP 30322</ADRESSE>
          <CP>95027</CP>
          <VILLE>Cergy-Pontoise</VILLE>
          <TEL>01-30-17-34-00</TEL>
          <FAX>01-30-17-34-59</FAX>
          <MEL>greffe.ta-cergy-pontoise@juradm.fr</MEL>
        </ADRESSE>
      </ADRESSES_COMPLEMENTAIRES>
    </RENSEIGNEMENTS_COMPLEMENTAIRES>
  </DONNEES>
</ANNONCE>
